[21-03-2025 14:41:44] PayPal\Core\PayPalHttpConnection : INFO: POST https://api.sandbox.paypal.com/v1/oauth2/token
[21-03-2025 14:41:45] PayPal\Core\PayPalHttpConnection : INFO: Response Status 	: 200
[21-03-2025 14:41:45] PayPal\Core\PayPalHttpConnection : INFO: POST https://api.sandbox.paypal.com/v1/payments/payment
[21-03-2025 14:41:46] PayPal\Core\PayPalHttpConnection : INFO: Response Status 	: 201
[21-03-2025 14:42:30] PayPal\Core\PayPalHttpConnection : INFO: POST https://api.sandbox.paypal.com/v1/oauth2/token
[21-03-2025 14:42:32] PayPal\Core\PayPalHttpConnection : INFO: Response Status 	: 200
[21-03-2025 14:42:32] PayPal\Core\PayPalHttpConnection : INFO: GET https://api.sandbox.paypal.com/v1/payments/payment/PAYID-M7OWZGY0U23131469630590A
[21-03-2025 14:42:33] PayPal\Core\PayPalHttpConnection : INFO: Response Status 	: 200
[21-03-2025 14:42:33] PayPal\Core\PayPalHttpConnection : INFO: POST https://api.sandbox.paypal.com/v1/payments/payment/PAYID-M7OWZGY0U23131469630590A/execute
[21-03-2025 14:42:35] PayPal\Core\PayPalHttpConnection : INFO: Response Status 	: 200
[21-03-2025 14:48:42] PayPal\Core\PayPalHttpConnection : INFO: POST https://api.sandbox.paypal.com/v1/oauth2/token
[21-03-2025 14:48:45] PayPal\Core\PayPalHttpConnection : INFO: Response Status 	: 200
[21-03-2025 14:48:45] PayPal\Core\PayPalHttpConnection : INFO: POST https://api.sandbox.paypal.com/v1/payments/payment
[21-03-2025 14:48:47] PayPal\Core\PayPalHttpConnection : INFO: Response Status 	: 201
[21-03-2025 14:49:24] PayPal\Core\PayPalHttpConnection : INFO: POST https://api.sandbox.paypal.com/v1/oauth2/token
[21-03-2025 14:49:25] PayPal\Core\PayPalHttpConnection : INFO: Response Status 	: 200
[21-03-2025 14:49:25] PayPal\Core\PayPalHttpConnection : INFO: GET https://api.sandbox.paypal.com/v1/payments/payment/PAYID-M7OW4PY17369900FC752944P
[21-03-2025 14:49:27] PayPal\Core\PayPalHttpConnection : INFO: Response Status 	: 200
[21-03-2025 14:49:27] PayPal\Core\PayPalHttpConnection : INFO: POST https://api.sandbox.paypal.com/v1/payments/payment/PAYID-M7OW4PY17369900FC752944P/execute
[21-03-2025 14:49:30] PayPal\Core\PayPalHttpConnection : INFO: Response Status 	: 200
[21-03-2025 14:50:03] PayPal\Core\PayPalHttpConnection : INFO: POST https://api.sandbox.paypal.com/v1/oauth2/token
[21-03-2025 14:50:05] PayPal\Core\PayPalHttpConnection : INFO: Response Status 	: 200
[21-03-2025 14:50:05] PayPal\Core\PayPalHttpConnection : INFO: POST https://api.sandbox.paypal.com/v1/payments/payment
[21-03-2025 14:50:07] PayPal\Core\PayPalHttpConnection : INFO: Response Status 	: 201
[21-03-2025 14:52:26] PayPal\Core\PayPalHttpConnection : INFO: POST https://api.sandbox.paypal.com/v1/oauth2/token
[21-03-2025 14:52:27] PayPal\Core\PayPalHttpConnection : INFO: Response Status 	: 200
[21-03-2025 14:52:27] PayPal\Core\PayPalHttpConnection : INFO: POST https://api.sandbox.paypal.com/v1/payments/payment
[21-03-2025 14:52:28] PayPal\Core\PayPalHttpConnection : INFO: Response Status 	: 201
[21-03-2025 14:56:08] PayPal\Core\PayPalHttpConnection : INFO: POST https://api.sandbox.paypal.com/v1/oauth2/token
[21-03-2025 14:56:09] PayPal\Core\PayPalHttpConnection : INFO: Response Status 	: 200
[21-03-2025 14:56:09] PayPal\Core\PayPalHttpConnection : INFO: POST https://api.sandbox.paypal.com/v1/payments/payment
[21-03-2025 14:56:11] PayPal\Core\PayPalHttpConnection : INFO: Response Status 	: 201
[21-03-2025 15:37:55] PayPal\Core\PayPalHttpConnection : INFO: POST https://api.sandbox.paypal.com/v1/oauth2/token
[21-03-2025 15:37:56] PayPal\Core\PayPalHttpConnection : INFO: Response Status 	: 200
[21-03-2025 15:37:56] PayPal\Core\PayPalHttpConnection : INFO: POST https://api.sandbox.paypal.com/v1/payments/payment
[21-03-2025 15:37:58] PayPal\Core\PayPalHttpConnection : INFO: Response Status 	: 201
[21-03-2025 15:45:32] PayPal\Core\PayPalHttpConnection : INFO: POST https://api.sandbox.paypal.com/v1/oauth2/token
[21-03-2025 15:45:33] PayPal\Core\PayPalHttpConnection : INFO: Response Status 	: 200
[21-03-2025 15:45:33] PayPal\Core\PayPalHttpConnection : INFO: POST https://api.sandbox.paypal.com/v1/payments/payment
[21-03-2025 15:45:35] PayPal\Core\PayPalHttpConnection : INFO: Response Status 	: 201
[21-03-2025 15:46:13] PayPal\Core\PayPalHttpConnection : INFO: POST https://api.sandbox.paypal.com/v1/oauth2/token
[21-03-2025 15:46:14] PayPal\Core\PayPalHttpConnection : INFO: Response Status 	: 200
[21-03-2025 15:46:14] PayPal\Core\PayPalHttpConnection : INFO: POST https://api.sandbox.paypal.com/v1/payments/payment
[21-03-2025 15:46:15] PayPal\Core\PayPalHttpConnection : INFO: Response Status 	: 201
[21-03-2025 15:47:13] PayPal\Core\PayPalHttpConnection : INFO: POST https://api.sandbox.paypal.com/v1/oauth2/token
[21-03-2025 15:47:15] PayPal\Core\PayPalHttpConnection : INFO: Response Status 	: 200
[21-03-2025 15:47:15] PayPal\Core\PayPalHttpConnection : INFO: GET https://api.sandbox.paypal.com/v1/payments/payment/PAYID-M7OXXOA0TG90337RC366712E
[21-03-2025 15:47:16] PayPal\Core\PayPalHttpConnection : INFO: Response Status 	: 200
[21-03-2025 15:47:16] PayPal\Core\PayPalHttpConnection : INFO: POST https://api.sandbox.paypal.com/v1/payments/payment/PAYID-M7OXXOA0TG90337RC366712E/execute
[21-03-2025 15:47:17] PayPal\Core\PayPalHttpConnection : INFO: Response Status 	: 200
[21-03-2025 15:50:40] PayPal\Core\PayPalHttpConnection : INFO: POST https://api.sandbox.paypal.com/v1/oauth2/token
[21-03-2025 15:50:41] PayPal\Core\PayPalHttpConnection : INFO: Response Status 	: 200
[21-03-2025 15:50:41] PayPal\Core\PayPalHttpConnection : INFO: POST https://api.sandbox.paypal.com/v1/payments/payment
[21-03-2025 15:50:42] PayPal\Core\PayPalHttpConnection : INFO: Response Status 	: 201
[21-03-2025 15:51:17] PayPal\Core\PayPalHttpConnection : INFO: POST https://api.sandbox.paypal.com/v1/oauth2/token
[21-03-2025 15:51:18] PayPal\Core\PayPalHttpConnection : INFO: Response Status 	: 200
[21-03-2025 15:51:18] PayPal\Core\PayPalHttpConnection : INFO: GET https://api.sandbox.paypal.com/v1/payments/payment/PAYID-M7OXZQY65M551054P463552N
[21-03-2025 15:51:20] PayPal\Core\PayPalHttpConnection : INFO: Response Status 	: 200
[21-03-2025 15:51:20] PayPal\Core\PayPalHttpConnection : INFO: POST https://api.sandbox.paypal.com/v1/payments/payment/PAYID-M7OXZQY65M551054P463552N/execute
[21-03-2025 15:51:22] PayPal\Core\PayPalHttpConnection : INFO: Response Status 	: 200
[21-03-2025 15:53:53] PayPal\Core\PayPalHttpConnection : INFO: POST https://api.sandbox.paypal.com/v1/oauth2/token
[21-03-2025 15:53:54] PayPal\Core\PayPalHttpConnection : INFO: Response Status 	: 200
[21-03-2025 15:53:54] PayPal\Core\PayPalHttpConnection : INFO: POST https://api.sandbox.paypal.com/v1/payments/payment
[21-03-2025 15:53:56] PayPal\Core\PayPalHttpConnection : INFO: Response Status 	: 201
[21-03-2025 15:56:48] PayPal\Core\PayPalHttpConnection : INFO: POST https://api.sandbox.paypal.com/v1/oauth2/token
[21-03-2025 15:56:49] PayPal\Core\PayPalHttpConnection : INFO: Response Status 	: 200
[21-03-2025 15:56:49] PayPal\Core\PayPalHttpConnection : INFO: POST https://api.sandbox.paypal.com/v1/payments/payment
[21-03-2025 15:56:51] PayPal\Core\PayPalHttpConnection : INFO: Response Status 	: 201
[21-03-2025 15:56:57] PayPal\Core\PayPalHttpConnection : INFO: POST https://api.sandbox.paypal.com/v1/oauth2/token
[21-03-2025 15:56:58] PayPal\Core\PayPalHttpConnection : INFO: Response Status 	: 200
[21-03-2025 15:56:59] PayPal\Core\PayPalHttpConnection : INFO: GET https://api.sandbox.paypal.com/v1/payments/payment/PAYID-M7OX4NA86B453233S851680S
[21-03-2025 15:57:00] PayPal\Core\PayPalHttpConnection : INFO: Response Status 	: 200
[21-03-2025 15:57:00] PayPal\Core\PayPalHttpConnection : INFO: POST https://api.sandbox.paypal.com/v1/payments/payment/PAYID-M7OX4NA86B453233S851680S/execute
[21-03-2025 15:57:02] PayPal\Core\PayPalHttpConnection : INFO: Response Status 	: 200
[21-03-2025 16:03:31] PayPal\Core\PayPalHttpConnection : INFO: POST https://api.sandbox.paypal.com/v1/oauth2/token
[21-03-2025 16:03:32] PayPal\Core\PayPalHttpConnection : INFO: Response Status 	: 200
[21-03-2025 16:03:32] PayPal\Core\PayPalHttpConnection : INFO: POST https://api.sandbox.paypal.com/v1/payments/payment
[21-03-2025 16:03:33] PayPal\Core\PayPalHttpConnection : INFO: Response Status 	: 201
[21-03-2025 16:04:26] PayPal\Core\PayPalHttpConnection : INFO: POST https://api.sandbox.paypal.com/v1/oauth2/token
[21-03-2025 16:04:27] PayPal\Core\PayPalHttpConnection : INFO: Response Status 	: 200
[21-03-2025 16:04:27] PayPal\Core\PayPalHttpConnection : INFO: POST https://api.sandbox.paypal.com/v1/payments/payment
[21-03-2025 16:04:28] PayPal\Core\PayPalHttpConnection : INFO: Response Status 	: 201
[21-03-2025 16:04:35] PayPal\Core\PayPalHttpConnection : INFO: POST https://api.sandbox.paypal.com/v1/oauth2/token
[21-03-2025 16:04:36] PayPal\Core\PayPalHttpConnection : INFO: Response Status 	: 200
[21-03-2025 16:04:36] PayPal\Core\PayPalHttpConnection : INFO: GET https://api.sandbox.paypal.com/v1/payments/payment/PAYID-M7OX77I7UL156819M4765519
[21-03-2025 16:04:37] PayPal\Core\PayPalHttpConnection : INFO: Response Status 	: 200
[21-03-2025 16:04:37] PayPal\Core\PayPalHttpConnection : INFO: POST https://api.sandbox.paypal.com/v1/payments/payment/PAYID-M7OX77I7UL156819M4765519/execute
[21-03-2025 16:04:38] PayPal\Core\PayPalHttpConnection : INFO: Response Status 	: 200
[21-03-2025 16:05:04] PayPal\Core\PayPalHttpConnection : INFO: POST https://api.sandbox.paypal.com/v1/oauth2/token
[21-03-2025 16:05:05] PayPal\Core\PayPalHttpConnection : INFO: Response Status 	: 200
[21-03-2025 16:05:05] PayPal\Core\PayPalHttpConnection : INFO: GET https://api.sandbox.paypal.com/v1/payments/payment/PAYID-M7OX77I7UL156819M4765519
[21-03-2025 16:05:06] PayPal\Core\PayPalHttpConnection : INFO: Response Status 	: 200
[21-03-2025 16:05:06] PayPal\Core\PayPalHttpConnection : INFO: POST https://api.sandbox.paypal.com/v1/payments/payment/PAYID-M7OX77I7UL156819M4765519/execute
[21-03-2025 16:05:07] PayPal\Core\PayPalHttpConnection : INFO: Response Status 	: 200
[21-03-2025 16:05:40] PayPal\Core\PayPalHttpConnection : INFO: POST https://api.sandbox.paypal.com/v1/oauth2/token
[21-03-2025 16:05:41] PayPal\Core\PayPalHttpConnection : INFO: Response Status 	: 200
[21-03-2025 16:05:41] PayPal\Core\PayPalHttpConnection : INFO: POST https://api.sandbox.paypal.com/v1/payments/payment
[21-03-2025 16:05:42] PayPal\Core\PayPalHttpConnection : INFO: Response Status 	: 201
[21-03-2025 16:05:53] PayPal\Core\PayPalHttpConnection : INFO: POST https://api.sandbox.paypal.com/v1/oauth2/token
[21-03-2025 16:05:55] PayPal\Core\PayPalHttpConnection : INFO: Response Status 	: 200
[21-03-2025 16:05:55] PayPal\Core\PayPalHttpConnection : INFO: GET https://api.sandbox.paypal.com/v1/payments/payment/PAYID-M7OYARY9CJ5259321423043D
[21-03-2025 16:05:57] PayPal\Core\PayPalHttpConnection : INFO: Response Status 	: 200
[21-03-2025 16:05:57] PayPal\Core\PayPalHttpConnection : INFO: POST https://api.sandbox.paypal.com/v1/payments/payment/PAYID-M7OYARY9CJ5259321423043D/execute
[21-03-2025 16:05:59] PayPal\Core\PayPalHttpConnection : INFO: Response Status 	: 200
[21-03-2025 16:10:04] PayPal\Core\PayPalHttpConnection : INFO: POST https://api.sandbox.paypal.com/v1/oauth2/token
[21-03-2025 16:10:05] PayPal\Core\PayPalHttpConnection : INFO: Response Status 	: 200
[21-03-2025 16:10:05] PayPal\Core\PayPalHttpConnection : INFO: POST https://api.sandbox.paypal.com/v1/payments/payment
[21-03-2025 16:10:07] PayPal\Core\PayPalHttpConnection : INFO: Response Status 	: 201
[21-03-2025 16:10:15] PayPal\Core\PayPalHttpConnection : INFO: POST https://api.sandbox.paypal.com/v1/oauth2/token
[21-03-2025 16:10:16] PayPal\Core\PayPalHttpConnection : INFO: Response Status 	: 200
[21-03-2025 16:10:16] PayPal\Core\PayPalHttpConnection : INFO: GET https://api.sandbox.paypal.com/v1/payments/payment/PAYID-M7OYCTY1L473509JX318221L
[21-03-2025 16:10:18] PayPal\Core\PayPalHttpConnection : INFO: Response Status 	: 200
[21-03-2025 16:10:18] PayPal\Core\PayPalHttpConnection : INFO: POST https://api.sandbox.paypal.com/v1/payments/payment/PAYID-M7OYCTY1L473509JX318221L/execute
[21-03-2025 16:10:19] PayPal\Core\PayPalHttpConnection : INFO: Response Status 	: 200
[21-03-2025 16:12:52] PayPal\Core\PayPalHttpConnection : INFO: POST https://api.sandbox.paypal.com/v1/oauth2/token
[21-03-2025 16:12:53] PayPal\Core\PayPalHttpConnection : INFO: Response Status 	: 200
[21-03-2025 16:12:53] PayPal\Core\PayPalHttpConnection : INFO: POST https://api.sandbox.paypal.com/v1/payments/payment
[21-03-2025 16:12:55] PayPal\Core\PayPalHttpConnection : INFO: Response Status 	: 201
[21-03-2025 16:13:00] PayPal\Core\PayPalHttpConnection : INFO: POST https://api.sandbox.paypal.com/v1/oauth2/token
[21-03-2025 16:13:02] PayPal\Core\PayPalHttpConnection : INFO: Response Status 	: 200
[21-03-2025 16:13:02] PayPal\Core\PayPalHttpConnection : INFO: GET https://api.sandbox.paypal.com/v1/payments/payment/PAYID-M7OYD6A0E6470254V9970936
[21-03-2025 16:13:04] PayPal\Core\PayPalHttpConnection : INFO: Response Status 	: 200
[21-03-2025 16:13:04] PayPal\Core\PayPalHttpConnection : INFO: POST https://api.sandbox.paypal.com/v1/payments/payment/PAYID-M7OYD6A0E6470254V9970936/execute
[21-03-2025 16:13:05] PayPal\Core\PayPalHttpConnection : INFO: Response Status 	: 200
[21-03-2025 16:13:53] PayPal\Core\PayPalHttpConnection : INFO: POST https://api.sandbox.paypal.com/v1/oauth2/token
[21-03-2025 16:13:54] PayPal\Core\PayPalHttpConnection : INFO: Response Status 	: 200
[21-03-2025 16:13:54] PayPal\Core\PayPalHttpConnection : INFO: POST https://api.sandbox.paypal.com/v1/payments/payment
[21-03-2025 16:13:56] PayPal\Core\PayPalHttpConnection : INFO: Response Status 	: 201
[21-03-2025 16:15:12] PayPal\Core\PayPalHttpConnection : INFO: POST https://api.sandbox.paypal.com/v1/oauth2/token
[21-03-2025 16:15:13] PayPal\Core\PayPalHttpConnection : INFO: Response Status 	: 200
[21-03-2025 16:15:13] PayPal\Core\PayPalHttpConnection : INFO: POST https://api.sandbox.paypal.com/v1/payments/payment
[21-03-2025 16:15:14] PayPal\Core\PayPalHttpConnection : INFO: Response Status 	: 400
[21-03-2025 16:15:14] PayPal\Core\PayPalHttpConnection : ERROR: Got Http response code 400 when accessing https://api.sandbox.paypal.com/v1/payments/payment. {"name":"VALIDATION_ERROR","details":[{"field":"transactions[0].amount","issue":"Amount cannot be zero"}],"message":"Invalid request - see details","information_link":"https://developer.paypal.com/docs/api/payments/v1/#error-VALIDATION_ERROR","debug_id":"fa3a9abe09411"}
[21-03-2025 16:15:38] PayPal\Core\PayPalHttpConnection : INFO: POST https://api.sandbox.paypal.com/v1/oauth2/token
[21-03-2025 16:15:40] PayPal\Core\PayPalHttpConnection : INFO: Response Status 	: 200
[21-03-2025 16:15:40] PayPal\Core\PayPalHttpConnection : INFO: POST https://api.sandbox.paypal.com/v1/payments/payment
[21-03-2025 16:15:41] PayPal\Core\PayPalHttpConnection : INFO: Response Status 	: 201
[21-03-2025 16:16:10] PayPal\Core\PayPalHttpConnection : INFO: POST https://api.sandbox.paypal.com/v1/oauth2/token
[21-03-2025 16:16:11] PayPal\Core\PayPalHttpConnection : INFO: Response Status 	: 200
[21-03-2025 16:16:11] PayPal\Core\PayPalHttpConnection : INFO: POST https://api.sandbox.paypal.com/v1/payments/payment
[21-03-2025 16:16:13] PayPal\Core\PayPalHttpConnection : INFO: Response Status 	: 201
[21-03-2025 16:16:43] PayPal\Core\PayPalHttpConnection : INFO: POST https://api.sandbox.paypal.com/v1/oauth2/token
[21-03-2025 16:16:44] PayPal\Core\PayPalHttpConnection : INFO: Response Status 	: 200
[21-03-2025 16:16:44] PayPal\Core\PayPalHttpConnection : INFO: POST https://api.sandbox.paypal.com/v1/payments/payment
[21-03-2025 16:16:46] PayPal\Core\PayPalHttpConnection : INFO: Response Status 	: 201
[21-03-2025 16:17:02] PayPal\Core\PayPalHttpConnection : INFO: POST https://api.sandbox.paypal.com/v1/oauth2/token
[21-03-2025 16:17:03] PayPal\Core\PayPalHttpConnection : INFO: Response Status 	: 200
[21-03-2025 16:17:03] PayPal\Core\PayPalHttpConnection : INFO: POST https://api.sandbox.paypal.com/v1/payments/payment
[21-03-2025 16:17:05] PayPal\Core\PayPalHttpConnection : INFO: Response Status 	: 201
[21-03-2025 16:17:14] PayPal\Core\PayPalHttpConnection : INFO: POST https://api.sandbox.paypal.com/v1/oauth2/token
[21-03-2025 16:17:15] PayPal\Core\PayPalHttpConnection : INFO: Response Status 	: 200
[21-03-2025 16:17:15] PayPal\Core\PayPalHttpConnection : INFO: GET https://api.sandbox.paypal.com/v1/payments/payment/PAYID-M7OYF4I47763747CT6566826
[21-03-2025 16:17:17] PayPal\Core\PayPalHttpConnection : INFO: Response Status 	: 200
[21-03-2025 16:17:17] PayPal\Core\PayPalHttpConnection : INFO: POST https://api.sandbox.paypal.com/v1/payments/payment/PAYID-M7OYF4I47763747CT6566826/execute
[21-03-2025 16:17:20] PayPal\Core\PayPalHttpConnection : INFO: Response Status 	: 200
[22-03-2025 13:45:27] PayPal\Core\PayPalHttpConnection : INFO: POST https://api.sandbox.paypal.com/v1/oauth2/token
[22-03-2025 13:45:29] PayPal\Core\PayPalHttpConnection : INFO: Response Status 	: 200
[22-03-2025 13:45:29] PayPal\Core\PayPalHttpConnection : INFO: POST https://api.sandbox.paypal.com/v1/payments/payment
[22-03-2025 13:45:30] PayPal\Core\PayPalHttpConnection : INFO: Response Status 	: 201
[29-03-2025 08:54:34] PayPal\Core\PayPalHttpConnection : INFO: POST https://api.sandbox.paypal.com/v1/oauth2/token
[29-03-2025 08:54:35] PayPal\Core\PayPalHttpConnection : INFO: Response Status 	: 200
[29-03-2025 08:54:35] PayPal\Core\PayPalHttpConnection : INFO: POST https://api.sandbox.paypal.com/v1/payments/payment
[29-03-2025 08:54:37] PayPal\Core\PayPalHttpConnection : INFO: Response Status 	: 201
[29-03-2025 08:55:34] PayPal\Core\PayPalHttpConnection : INFO: POST https://api.sandbox.paypal.com/v1/oauth2/token
[29-03-2025 08:55:35] PayPal\Core\PayPalHttpConnection : INFO: Response Status 	: 200
[29-03-2025 08:55:35] PayPal\Core\PayPalHttpConnection : INFO: GET https://api.sandbox.paypal.com/v1/payments/payment/PAYID-M7T2OPI7DW33869SY335644S
[29-03-2025 08:55:37] PayPal\Core\PayPalHttpConnection : INFO: Response Status 	: 200
[29-03-2025 08:55:37] PayPal\Core\PayPalHttpConnection : INFO: POST https://api.sandbox.paypal.com/v1/payments/payment/PAYID-M7T2OPI7DW33869SY335644S/execute
[29-03-2025 08:55:39] PayPal\Core\PayPalHttpConnection : INFO: Response Status 	: 200
[07-04-2025 14:58:12] PayPal\Core\PayPalHttpConnection : INFO: POST https://api.sandbox.paypal.com/v1/oauth2/token
[07-04-2025 14:58:13] PayPal\Core\PayPalHttpConnection : INFO: Response Status 	: 200
[07-04-2025 14:58:13] PayPal\Core\PayPalHttpConnection : INFO: POST https://api.sandbox.paypal.com/v1/payments/payment
[07-04-2025 14:58:15] PayPal\Core\PayPalHttpConnection : INFO: Response Status 	: 201
[07-04-2025 14:59:09] PayPal\Core\PayPalHttpConnection : INFO: POST https://api.sandbox.paypal.com/v1/oauth2/token
[07-04-2025 14:59:10] PayPal\Core\PayPalHttpConnection : INFO: Response Status 	: 200
[07-04-2025 14:59:10] PayPal\Core\PayPalHttpConnection : INFO: GET https://api.sandbox.paypal.com/v1/payments/payment/PAYID-M7Z4X2I7DP076315J108915V
[07-04-2025 14:59:11] PayPal\Core\PayPalHttpConnection : INFO: Response Status 	: 200
[07-04-2025 14:59:12] PayPal\Core\PayPalHttpConnection : INFO: POST https://api.sandbox.paypal.com/v1/payments/payment/PAYID-M7Z4X2I7DP076315J108915V/execute
[07-04-2025 14:59:13] PayPal\Core\PayPalHttpConnection : INFO: Response Status 	: 200
